  player.cpp
  hangman.cpp
e:\01 whitworth\02 sem2\computer science ii\cs2finalproject\finalproject\hangman.cpp(18): error C3861: 'getlength': identifier not found
e:\01 whitworth\02 sem2\computer science ii\cs2finalproject\finalproject\hangman.cpp(22): error C3861: 'make_a_guess': identifier not found
e:\01 whitworth\02 sem2\computer science ii\cs2finalproject\finalproject\hangman.cpp(24): error C3861: 'evil_check': identifier not found
e:\01 whitworth\02 sem2\computer science ii\cs2finalproject\finalproject\hangman.cpp(28): error C3861: 'check_won_lost': identifier not found
  alphabeta.cpp
  Source.cpp
e:\01 whitworth\02 sem2\computer science ii\cs2finalproject\finalproject\source.cpp(41): error C2360: initialization of 'alphabeta1' is skipped by 'case' label
  e:\01 whitworth\02 sem2\computer science ii\cs2finalproject\finalproject\source.cpp(38): note: see declaration of 'alphabeta1'
e:\01 whitworth\02 sem2\computer science ii\cs2finalproject\finalproject\source.cpp(47): error C2360: initialization of 'hangman1' is skipped by 'case' label
  e:\01 whitworth\02 sem2\computer science ii\cs2finalproject\finalproject\source.cpp(44): note: see declaration of 'hangman1'
e:\01 whitworth\02 sem2\computer science ii\cs2finalproject\finalproject\source.cpp(47): error C2360: initialization of 'alphabeta1' is skipped by 'case' label
  e:\01 whitworth\02 sem2\computer science ii\cs2finalproject\finalproject\source.cpp(38): note: see declaration of 'alphabeta1'
e:\01 whitworth\02 sem2\computer science ii\cs2finalproject\finalproject\source.cpp(50): error C2360: initialization of 'hangman1' is skipped by 'case' label
  e:\01 whitworth\02 sem2\computer science ii\cs2finalproject\finalproject\source.cpp(44): note: see declaration of 'hangman1'
e:\01 whitworth\02 sem2\computer science ii\cs2finalproject\finalproject\source.cpp(50): error C2360: initialization of 'alphabeta1' is skipped by 'case' label
  e:\01 whitworth\02 sem2\computer science ii\cs2finalproject\finalproject\source.cpp(38): note: see declaration of 'alphabeta1'
e:\01 whitworth\02 sem2\computer science ii\cs2finalproject\finalproject\source.cpp(53): error C2360: initialization of 'hangman1' is skipped by 'case' label
  e:\01 whitworth\02 sem2\computer science ii\cs2finalproject\finalproject\source.cpp(44): note: see declaration of 'hangman1'
e:\01 whitworth\02 sem2\computer science ii\cs2finalproject\finalproject\source.cpp(53): error C2360: initialization of 'alphabeta1' is skipped by 'case' label
  e:\01 whitworth\02 sem2\computer science ii\cs2finalproject\finalproject\source.cpp(38): note: see declaration of 'alphabeta1'
e:\01 whitworth\02 sem2\computer science ii\cs2finalproject\finalproject\source.cpp(57): error C2361: initialization of 'hangman1' is skipped by 'default' label
  e:\01 whitworth\02 sem2\computer science ii\cs2finalproject\finalproject\source.cpp(44): note: see declaration of 'hangman1'
e:\01 whitworth\02 sem2\computer science ii\cs2finalproject\finalproject\source.cpp(57): error C2361: initialization of 'alphabeta1' is skipped by 'default' label
  e:\01 whitworth\02 sem2\computer science ii\cs2finalproject\finalproject\source.cpp(38): note: see declaration of 'alphabeta1'
  Generating Code...
  Skipping... (no relevant changes detected)
  game.cpp
